109 : 2023-03-07 11:35:09,168 : INFO : telemetry.main : Attempt start. Configuration directory [/home/sandeep/.azure].
109 : 2023-03-07 11:35:09,168 : INFO : telemetry.check : Positive: The /home/sandeep/.azure/telemetry.txt does not exist.
109 : 2023-03-07 11:35:09,168 : DEBUG : telemetry.note : acquiring lock
109 : 2023-03-07 11:35:09,168 : DEBUG : telemetry.note : acquired lock
109 : 2023-03-07 11:35:09,168 : INFO : telemetry.note : Update the note mtime to 2023-03-07 11:35:09.168799
109 : 2023-03-07 11:35:09,168 : WARNING : telemetry.note : Fail to parse or read the timestamp 'N/A' in the note file. Set the last send time to minimal. Reason: not readable
109 : 2023-03-07 11:35:09,169 : INFO : telemetry.records : 1 cache files to move.
109 : 2023-03-07 11:35:09,170 : INFO : telemetry.records : Create temp folder /tmp/tmpndmu8cug
109 : 2023-03-07 11:35:09,170 : INFO : telemetry.records : Move file /home/sandeep/.azure/telemetry/cache to /tmp/tmpndmu8cug/cache
109 : 2023-03-07 11:35:09,173 : INFO : telemetry.records : Processed file /tmp/tmpndmu8cug/cache into 1 records.
109 : 2023-03-07 11:35:09,173 : INFO : telemetry.records : Remove directory /tmp/tmpndmu8cug
109 : 2023-03-07 11:35:09,181 : INFO : telemetry.client : Accumulated 1 events. Flush the clients.
109 : 2023-03-07 11:35:09,182 : INFO : telemetry.client : Flush client c4395b75-49cc-422c-bc95-c7d51aef5d46.
109 : 2023-03-07 11:35:09,804 : INFO : telemetry.sender : Sending 3682 bytes
109 : 2023-03-07 11:35:09,805 : INFO : telemetry.sender : Finish uploading in 0.622682 seconds.
109 : 2023-03-07 11:35:09,805 : INFO : telemetry.note : Update the last send in note to 2023-03-07 11:35:09
109 : 2023-03-07 11:35:09,805 : INFO : telemetry.note : Update the note mtime to 2023-03-07 11:35:09.805567
96 : 2023-03-07 15:01:10,598 : INFO : telemetry.main : Attempt start. Configuration directory [/home/sandeep/.azure].
96 : 2023-03-07 15:01:10,602 : INFO : telemetry.check : Returns Positive.
96 : 2023-03-07 15:01:10,602 : DEBUG : telemetry.note : acquiring lock
96 : 2023-03-07 15:01:10,602 : DEBUG : telemetry.note : acquired lock
96 : 2023-03-07 15:01:10,602 : INFO : telemetry.note : Update the note mtime to 2023-03-07 15:01:10.602950
96 : 2023-03-07 15:01:10,605 : INFO : telemetry.note : Read timestamp from the note. The last send was 2023-03-07 11:35:09.
96 : 2023-03-07 15:01:10,610 : INFO : telemetry.records : No cache to be uploaded.
96 : 2023-03-07 15:01:10,610 : INFO : telemetry.client : Accumulated 0 events. Flush the clients.
96 : 2023-03-07 15:01:10,610 : INFO : telemetry.note : Update the last send in note to 2023-03-07 11:35:09
96 : 2023-03-07 15:01:10,610 : INFO : telemetry.note : Update the note mtime to 2023-03-07 15:01:10.610961
94 : 2023-03-08 03:23:49,115 : INFO : telemetry.main : Attempt start. Configuration directory [/home/sandeep/.azure].
94 : 2023-03-08 03:23:49,119 : INFO : telemetry.check : Returns Positive.
94 : 2023-03-08 03:23:49,119 : DEBUG : telemetry.note : acquiring lock
94 : 2023-03-08 03:23:49,119 : DEBUG : telemetry.note : acquired lock
94 : 2023-03-08 03:23:49,120 : INFO : telemetry.note : Update the note mtime to 2023-03-08 03:23:49.120121
94 : 2023-03-08 03:23:49,122 : INFO : telemetry.note : Read timestamp from the note. The last send was 2023-03-07 11:35:09.
94 : 2023-03-08 03:23:49,123 : INFO : telemetry.records : No cache to be uploaded.
94 : 2023-03-08 03:23:49,123 : INFO : telemetry.client : Accumulated 0 events. Flush the clients.
94 : 2023-03-08 03:23:49,124 : INFO : telemetry.note : Update the last send in note to 2023-03-07 11:35:09
94 : 2023-03-08 03:23:49,124 : INFO : telemetry.note : Update the note mtime to 2023-03-08 03:23:49.124225
96 : 2023-03-08 04:34:21,280 : INFO : telemetry.main : Attempt start. Configuration directory [/home/sandeep/.azure].
96 : 2023-03-08 04:34:21,285 : INFO : telemetry.check : Returns Positive.
96 : 2023-03-08 04:34:21,285 : DEBUG : telemetry.note : acquiring lock
96 : 2023-03-08 04:34:21,285 : DEBUG : telemetry.note : acquired lock
96 : 2023-03-08 04:34:21,285 : INFO : telemetry.note : Update the note mtime to 2023-03-08 04:34:21.285598
96 : 2023-03-08 04:34:21,289 : INFO : telemetry.note : Read timestamp from the note. The last send was 2023-03-07 11:35:09.
96 : 2023-03-08 04:34:21,290 : INFO : telemetry.records : No cache to be uploaded.
96 : 2023-03-08 04:34:21,290 : INFO : telemetry.client : Accumulated 0 events. Flush the clients.
96 : 2023-03-08 04:34:21,291 : INFO : telemetry.note : Update the last send in note to 2023-03-07 11:35:09
96 : 2023-03-08 04:34:21,291 : INFO : telemetry.note : Update the note mtime to 2023-03-08 04:34:21.291136
95 : 2023-03-08 06:47:20,140 : INFO : telemetry.main : Attempt start. Configuration directory [/home/sandeep/.azure].
95 : 2023-03-08 06:47:20,146 : INFO : telemetry.check : Returns Positive.
95 : 2023-03-08 06:47:20,146 : DEBUG : telemetry.note : acquiring lock
95 : 2023-03-08 06:47:20,146 : DEBUG : telemetry.note : acquired lock
95 : 2023-03-08 06:47:20,146 : INFO : telemetry.note : Update the note mtime to 2023-03-08 06:47:20.146857
95 : 2023-03-08 06:47:20,156 : INFO : telemetry.note : Read timestamp from the note. The last send was 2023-03-07 11:35:09.
95 : 2023-03-08 06:47:20,157 : INFO : telemetry.records : No cache to be uploaded.
95 : 2023-03-08 06:47:20,157 : INFO : telemetry.client : Accumulated 0 events. Flush the clients.
95 : 2023-03-08 06:47:20,157 : INFO : telemetry.note : Update the last send in note to 2023-03-07 11:35:09
95 : 2023-03-08 06:47:20,157 : INFO : telemetry.note : Update the note mtime to 2023-03-08 06:47:20.157763
96 : 2023-03-08 16:29:22,242 : INFO : telemetry.main : Attempt start. Configuration directory [/home/sandeep/.azure].
96 : 2023-03-08 16:29:22,253 : INFO : telemetry.check : Returns Positive.
96 : 2023-03-08 16:29:22,253 : DEBUG : telemetry.note : acquiring lock
96 : 2023-03-08 16:29:22,254 : DEBUG : telemetry.note : acquired lock
96 : 2023-03-08 16:29:22,254 : INFO : telemetry.note : Update the note mtime to 2023-03-08 16:29:22.254231
96 : 2023-03-08 16:29:22,256 : INFO : telemetry.note : Read timestamp from the note. The last send was 2023-03-07 11:35:09.
96 : 2023-03-08 16:29:22,258 : INFO : telemetry.records : 1 cache files to move.
96 : 2023-03-08 16:29:22,258 : INFO : telemetry.records : Create temp folder /tmp/tmp15w4i8yy
96 : 2023-03-08 16:29:22,437 : INFO : telemetry.records : Move file /home/sandeep/.azure/telemetry/cache to /tmp/tmp15w4i8yy/cache
96 : 2023-03-08 16:29:22,438 : INFO : telemetry.records : Processed file /tmp/tmp15w4i8yy/cache into 10 records.
96 : 2023-03-08 16:29:22,438 : INFO : telemetry.records : Remove directory /tmp/tmp15w4i8yy
96 : 2023-03-08 16:29:22,439 : INFO : telemetry.client : Accumulated 10 events. Flush the clients.
96 : 2023-03-08 16:29:22,439 : INFO : telemetry.client : Flush client c4395b75-49cc-422c-bc95-c7d51aef5d46.
96 : 2023-03-08 16:29:23,162 : INFO : telemetry.sender : Sending 36700 bytes
96 : 2023-03-08 16:29:23,163 : INFO : telemetry.sender : Finish uploading in 0.721899 seconds.
96 : 2023-03-08 16:29:23,163 : INFO : telemetry.note : Update the last send in note to 2023-03-08 16:29:22
96 : 2023-03-08 16:29:23,163 : INFO : telemetry.note : Update the note mtime to 2023-03-08 16:29:23.163534
